Command line invocation:
    /Applications/Xcode.app/Contents/Developer/usr/bin/xcodebuild -project EventPassUG.xcodeproj -scheme EventPassUG -destination "platform=iOS Simulator,name=iPhone 17" build

ComputePackagePrebuildTargetDependencyGraph

Prepare packages

CreateBuildRequest

SendProjectDescription

CreateBuildOperation

ComputeTargetDependencyGraph
note: Building targets in dependency order
note: Target dependency graph (1 target)
    Target 'EventPassUG' in project 'EventPassUG' (no dependencies)

GatherProvisioningInputs

CreateBuildDescription

ClangStatCache /Applications/Xcode.app/Contents/Developer/Toolchains/XcodeDefault.xctoolchain/usr/bin/clang-stat-cache /Applications/Xcode.app/Contents/Developer/Platforms/iPhoneSimulator.platform/Developer/SDKs/iPhoneSimulator26.2.sdk /Users/lley-tonn/Library/Developer/Xcode/DerivedData/SDKStatCaches.noindex/iphonesimulator26.2-23C53-7d00a8b37fbd7999ea79df8ebc024bf0.sdkstatcache
    cd /Users/lley-tonn/Documents/projects/EventPassUG-MobileApp/EventPassUG.xcodeproj
    /Applications/Xcode.app/Contents/Developer/Toolchains/XcodeDefault.xctoolchain/usr/bin/clang-stat-cache /Applications/Xcode.app/Contents/Developer/Platforms/iPhoneSimulator.platform/Developer/SDKs/iPhoneSimulator26.2.sdk -o /Users/lley-tonn/Library/Developer/Xcode/DerivedData/SDKStatCaches.noindex/iphonesimulator26.2-23C53-7d00a8b37fbd7999ea79df8ebc024bf0.sdkstatcache

SwiftDriver EventPassUG normal arm64 com.apple.xcode.tools.swift.compiler (in target 'EventPassUG' from project 'EventPassUG')
    cd /Users/lley-tonn/Documents/projects/EventPassUG-MobileApp
    builtin-SwiftDriver -- /Applications/Xcode.app/Contents/Developer/Toolchains/XcodeDefault.xctoolchain/usr/bin/swiftc -module-name EventPassUG -Onone -enforce-exclusivity\=checked @/Users/lley-tonn/Library/Developer/Xcode/DerivedData/EventPassUG-gzepokzbfyrttbfcyqifbjiffdxh/Build/Intermediates.noindex/EventPassUG.build/Debug-iphonesimulator/EventPassUG.build/Objects-normal/arm64/EventPassUG.SwiftFileList -DDEBUG -enable-bare-slash-regex -enable-experimental-feature DebugDescriptionMacro -sdk /Applications/Xcode.app/Contents/Developer/Platforms/iPhoneSimulator.platform/Developer/SDKs/iPhoneSimulator26.2.sdk -target arm64-apple-ios16.0-simulator -g -module-cache-path /Users/lley-tonn/Library/Developer/Xcode/DerivedData/ModuleCache.noindex -Xfrontend -serialize-debugging-options -enable-testing -index-store-path /Users/lley-tonn/Library/Developer/Xcode/DerivedData/EventPassUG-gzepokzbfyrttbfcyqifbjiffdxh/Index.noindex/DataStore -Xcc -D_LIBCPP_HARDENING_MODE\=_LIBCPP_HARDENING_MODE_DEBUG -swift-version 5 -I /Users/lley-tonn/Library/Developer/Xcode/DerivedData/EventPassUG-gzepokzbfyrttbfcyqifbjiffdxh/Build/Products/Debug-iphonesimulator -F /Users/lley-tonn/Library/Developer/Xcode/DerivedData/EventPassUG-gzepokzbfyrttbfcyqifbjiffdxh/Build/Products/Debug-iphonesimulator -emit-localized-strings -emit-localized-strings-path /Users/lley-tonn/Library/Developer/Xcode/DerivedData/EventPassUG-gzepokzbfyrttbfcyqifbjiffdxh/Build/Intermediates.noindex/EventPassUG.build/Debug-iphonesimulator/EventPassUG.build/Objects-normal/arm64 -c -j10 -enable-batch-mode -incremental -Xcc -ivfsstatcache -Xcc /Users/lley-tonn/Library/Developer/Xcode/DerivedData/SDKStatCaches.noindex/iphonesimulator26.2-23C53-7d00a8b37fbd7999ea79df8ebc024bf0.sdkstatcache -output-file-map /Users/lley-tonn/Library/Developer/Xcode/DerivedData/EventPassUG-gzepokzbfyrttbfcyqifbjiffdxh/Build/Intermediates.noindex/EventPassUG.build/Debug-iphonesimulator/EventPassUG.build/Objects-normal/arm64/EventPassUG-OutputFileMap.json -use-frontend-parseable-output -save-temps -no-color-diagnostics -explicit-module-build -module-cache-path /Users/lley-tonn/Library/Developer/Xcode/DerivedData/EventPassUG-gzepokzbfyrttbfcyqifbjiffdxh/Build/Intermediates.noindex/SwiftExplicitPrecompiledModules -clang-scanner-module-cache-path /Users/lley-tonn/Library/Developer/Xcode/DerivedData/ModuleCache.noindex -sdk-module-cache-path /Users/lley-tonn/Library/Developer/Xcode/DerivedData/ModuleCache.noindex -serialize-diagnostics -emit-dependencies -emit-module -emit-module-path /Users/lley-tonn/Library/Developer/Xcode/DerivedData/EventPassUG-gzepokzbfyrttbfcyqifbjiffdxh/Build/Intermediates.noindex/EventPassUG.build/Debug-iphonesimulator/EventPassUG.build/Objects-normal/arm64/EventPassUG.swiftmodule -validate-clang-modules-once -clang-build-session-file /Users/lley-tonn/Library/Developer/Xcode/DerivedData/ModuleCache.noindex/Session.modulevalidation -Xcc -I/Users/lley-tonn/Library/Developer/Xcode/DerivedData/EventPassUG-gzepokzbfyrttbfcyqifbjiffdxh/Build/Intermediates.noindex/EventPassUG.build/Debug-iphonesimulator/EventPassUG.build/swift-overrides.hmap -emit-const-values -Xfrontend -const-gather-protocols-file -Xfrontend /Users/lley-tonn/Library/Developer/Xcode/DerivedData/EventPassUG-gzepokzbfyrttbfcyqifbjiffdxh/Build/Intermediates.noindex/EventPassUG.build/Debug-iphonesimulator/EventPassUG.build/Objects-normal/arm64/EventPassUG_const_extract_protocols.json -Xcc -iquote -Xcc /Users/lley-tonn/Library/Developer/Xcode/DerivedData/EventPassUG-gzepokzbfyrttbfcyqifbjiffdxh/Build/Intermediates.noindex/EventPassUG.build/Debug-iphonesimulator/EventPassUG.build/EventPassUG-generated-files.hmap -Xcc -I/Users/lley-tonn/Library/Developer/Xcode/DerivedData/EventPassUG-gzepokzbfyrttbfcyqifbjiffdxh/Build/Intermediates.noindex/EventPassUG.build/Debug-iphonesimulator/EventPassUG.build/EventPassUG-own-target-headers.hmap -Xcc -I/Users/lley-tonn/Library/Developer/Xcode/DerivedData/EventPassUG-gzepokzbfyrttbfcyqifbjiffdxh/Build/Intermediates.noindex/EventPassUG.build/Debug-iphonesimulator/EventPassUG.build/EventPassUG-all-target-headers.hmap -Xcc -iquote -Xcc /Users/lley-tonn/Library/Developer/Xcode/DerivedData/EventPassUG-gzepokzbfyrttbfcyqifbjiffdxh/Build/Intermediates.noindex/EventPassUG.build/Debug-iphonesimulator/EventPassUG.build/EventPassUG-project-headers.hmap -Xcc -I/Users/lley-tonn/Library/Developer/Xcode/DerivedData/EventPassUG-gzepokzbfyrttbfcyqifbjiffdxh/Build/Products/Debug-iphonesimulator/include -Xcc -I/Users/lley-tonn/Library/Developer/Xcode/DerivedData/EventPassUG-gzepokzbfyrttbfcyqifbjiffdxh/Build/Intermediates.noindex/EventPassUG.build/Debug-iphonesimulator/EventPassUG.build/DerivedSources-normal/arm64 -Xcc -I/Users/lley-tonn/Library/Developer/Xcode/DerivedData/EventPassUG-gzepokzbfyrttbfcyqifbjiffdxh/Build/Intermediates.noindex/EventPassUG.build/Debug-iphonesimulator/EventPassUG.build/DerivedSources/arm64 -Xcc -I/Users/lley-tonn/Library/Developer/Xcode/DerivedData/EventPassUG-gzepokzbfyrttbfcyqifbjiffdxh/Build/Intermediates.noindex/EventPassUG.build/Debug-iphonesimulator/EventPassUG.build/DerivedSources -Xcc -DDEBUG\=1 -emit-objc-header -emit-objc-header-path /Users/lley-tonn/Library/Developer/Xcode/DerivedData/EventPassUG-gzepokzbfyrttbfcyqifbjiffdxh/Build/Intermediates.noindex/EventPassUG.build/Debug-iphonesimulator/EventPassUG.build/Objects-normal/arm64/EventPassUG-Swift.h -working-directory /Users/lley-tonn/Documents/projects/EventPassUG-MobileApp -experimental-emit-module-separately -disable-cmo

SwiftCompile normal arm64 Compiling\ OrganizerProfile.swift,\ BecomeOrganizerFlow.swift,\ OrganizerProfileCompletionStep.swift,\ OrganizerIdentityVerificationStep.swift,\ OrganizerContactInfoStep.swift,\ OrganizerPayoutSetupStep.swift,\ OrganizerTermsAgreementStep.swift,\ SupportModels.swift,\ HelpCenterView.swift,\ FAQSectionView.swift,\ TroubleshootingView.swift,\ AppGuidesView.swift,\ SecurityInfoView.swift /Users/lley-tonn/Documents/projects/EventPassUG-MobileApp/EventPassUG/Models/Domain/OrganizerProfile.swift /Users/lley-tonn/Documents/projects/EventPassUG-MobileApp/EventPassUG/Views/Organizer/Onboarding/BecomeOrganizerFlow.swift /Users/lley-tonn/Documents/projects/EventPassUG-MobileApp/EventPassUG/Views/Organizer/Onboarding/Steps/OrganizerProfileCompletionStep.swift /Users/lley-tonn/Documents/projects/EventPassUG-MobileApp/EventPassUG/Views/Organizer/Onboarding/Steps/OrganizerIdentityVerificationStep.swift /Users/lley-tonn/Documents/projects/EventPassUG-MobileApp/EventPassUG/Views/Organizer/Onboarding/Steps/OrganizerContactInfoStep.swift /Users/lley-tonn/Documents/projects/EventPassUG-MobileApp/EventPassUG/Views/Organizer/Onboarding/Steps/OrganizerPayoutSetupStep.swift /Users/lley-tonn/Documents/projects/EventPassUG-MobileApp/EventPassUG/Views/Organizer/Onboarding/Steps/OrganizerTermsAgreementStep.swift /Users/lley-tonn/Documents/projects/EventPassUG-MobileApp/EventPassUG/Models/Support/SupportModels.swift /Users/lley-tonn/Documents/projects/EventPassUG-MobileApp/EventPassUG/Views/Support/HelpCenterView.swift /Users/lley-tonn/Documents/projects/EventPassUG-MobileApp/EventPassUG/Views/Support/FAQSectionView.swift /Users/lley-tonn/Documents/projects/EventPassUG-MobileApp/EventPassUG/Views/Support/TroubleshootingView.swift /Users/lley-tonn/Documents/projects/EventPassUG-MobileApp/EventPassUG/Views/Support/AppGuidesView.swift /Users/lley-tonn/Documents/projects/EventPassUG-MobileApp/EventPassUG/Views/Support/SecurityInfoView.swift (in target 'EventPassUG' from project 'EventPassUG')

SwiftCompile normal arm64 /Users/lley-tonn/Documents/projects/EventPassUG-MobileApp/EventPassUG/Models/Domain/OrganizerProfile.swift (in target 'EventPassUG' from project 'EventPassUG')
    cd /Users/lley-tonn/Documents/projects/EventPassUG-MobileApp
    

SwiftCompile normal arm64 /Users/lley-tonn/Documents/projects/EventPassUG-MobileApp/EventPassUG/Views/Organizer/Onboarding/BecomeOrganizerFlow.swift (in target 'EventPassUG' from project 'EventPassUG')
    cd /Users/lley-tonn/Documents/projects/EventPassUG-MobileApp
    

SwiftCompile normal arm64 /Users/lley-tonn/Documents/projects/EventPassUG-MobileApp/EventPassUG/Views/Organizer/Onboarding/Steps/OrganizerProfileCompletionStep.swift (in target 'EventPassUG' from project 'EventPassUG')
    cd /Users/lley-tonn/Documents/projects/EventPassUG-MobileApp
    

SwiftCompile normal arm64 /Users/lley-tonn/Documents/projects/EventPassUG-MobileApp/EventPassUG/Views/Organizer/Onboarding/Steps/OrganizerIdentityVerificationStep.swift (in target 'EventPassUG' from project 'EventPassUG')
    cd /Users/lley-tonn/Documents/projects/EventPassUG-MobileApp
    

SwiftCompile normal arm64 /Users/lley-tonn/Documents/projects/EventPassUG-MobileApp/EventPassUG/Views/Organizer/Onboarding/Steps/OrganizerContactInfoStep.swift (in target 'EventPassUG' from project 'EventPassUG')
    cd /Users/lley-tonn/Documents/projects/EventPassUG-MobileApp
    

SwiftCompile normal arm64 /Users/lley-tonn/Documents/projects/EventPassUG-MobileApp/EventPassUG/Views/Organizer/Onboarding/Steps/OrganizerPayoutSetupStep.swift (in target 'EventPassUG' from project 'EventPassUG')
    cd /Users/lley-tonn/Documents/projects/EventPassUG-MobileApp
    

SwiftCompile normal arm64 /Users/lley-tonn/Documents/projects/EventPassUG-MobileApp/EventPassUG/Views/Organizer/Onboarding/Steps/OrganizerTermsAgreementStep.swift (in target 'EventPassUG' from project 'EventPassUG')
    cd /Users/lley-tonn/Documents/projects/EventPassUG-MobileApp
    

SwiftCompile normal arm64 /Users/lley-tonn/Documents/projects/EventPassUG-MobileApp/EventPassUG/Models/Support/SupportModels.swift (in target 'EventPassUG' from project 'EventPassUG')
    cd /Users/lley-tonn/Documents/projects/EventPassUG-MobileApp
    

SwiftCompile normal arm64 /Users/lley-tonn/Documents/projects/EventPassUG-MobileApp/EventPassUG/Views/Support/HelpCenterView.swift (in target 'EventPassUG' from project 'EventPassUG')
    cd /Users/lley-tonn/Documents/projects/EventPassUG-MobileApp
    

SwiftCompile normal arm64 /Users/lley-tonn/Documents/projects/EventPassUG-MobileApp/EventPassUG/Views/Support/FAQSectionView.swift (in target 'EventPassUG' from project 'EventPassUG')
    cd /Users/lley-tonn/Documents/projects/EventPassUG-MobileApp
    

SwiftCompile normal arm64 /Users/lley-tonn/Documents/projects/EventPassUG-MobileApp/EventPassUG/Views/Support/TroubleshootingView.swift (in target 'EventPassUG' from project 'EventPassUG')
    cd /Users/lley-tonn/Documents/projects/EventPassUG-MobileApp
    

SwiftCompile normal arm64 /Users/lley-tonn/Documents/projects/EventPassUG-MobileApp/EventPassUG/Views/Support/AppGuidesView.swift (in target 'EventPassUG' from project 'EventPassUG')
    cd /Users/lley-tonn/Documents/projects/EventPassUG-MobileApp
    

SwiftCompile normal arm64 /Users/lley-tonn/Documents/projects/EventPassUG-MobileApp/EventPassUG/Views/Support/SecurityInfoView.swift (in target 'EventPassUG' from project 'EventPassUG')
    cd /Users/lley-tonn/Documents/projects/EventPassUG-MobileApp
    

SwiftCompile normal arm64 Compiling\ FeatureExplanationsView.swift,\ TermsOfUseView.swift,\ PrivacyPolicyView.swift,\ SupportCenterView.swift,\ SubmitTicketView.swift,\ TermsAndPrivacyView.swift,\ RoleConfig.swift,\ PersistenceController.swift,\ TicketType.swift,\ Event.swift,\ NotificationModel.swift,\ User.swift /Users/lley-tonn/Documents/projects/EventPassUG-MobileApp/EventPassUG/Views/Support/FeatureExplanationsView.swift /Users/lley-tonn/Documents/projects/EventPassUG-MobileApp/EventPassUG/Views/Support/TermsOfUseView.swift /Users/lley-tonn/Documents/projects/EventPassUG-MobileApp/EventPassUG/Views/Support/PrivacyPolicyView.swift /Users/lley-tonn/Documents/projects/EventPassUG-MobileApp/EventPassUG/Views/Support/SupportCenterView.swift /Users/lley-tonn/Documents/projects/EventPassUG-MobileApp/EventPassUG/Views/Support/SubmitTicketView.swift /Users/lley-tonn/Documents/projects/EventPassUG-MobileApp/EventPassUG/Views/Support/TermsAndPrivacyView.swift /Users/lley-tonn/Documents/projects/EventPassUG-MobileApp/EventPassUG/Core/Configuration/RoleConfig.swift /Users/lley-tonn/Documents/projects/EventPassUG-MobileApp/EventPassUG/Core/Data/CoreData/PersistenceController.swift /Users/lley-tonn/Documents/projects/EventPassUG-MobileApp/EventPassUG/Models/Domain/TicketType.swift /Users/lley-tonn/Documents/projects/EventPassUG-MobileApp/EventPassUG/Models/Domain/Event.swift /Users/lley-tonn/Documents/projects/EventPassUG-MobileApp/EventPassUG/Models/Notifications/NotificationModel.swift /Users/lley-tonn/Documents/projects/EventPassUG-MobileApp/EventPassUG/Models/Domain/User.swift (in target 'EventPassUG' from project 'EventPassUG')
SwiftCompile normal arm64 /Users/lley-tonn/Documents/projects/EventPassUG-MobileApp/EventPassUG/Views/Support/FeatureExplanationsView.swift (in target 'EventPassUG' from project 'EventPassUG')
    cd /Users/lley-tonn/Documents/projects/EventPassUG-MobileApp
    

SwiftCompile normal arm64 /Users/lley-tonn/Documents/projects/EventPassUG-MobileApp/EventPassUG/Views/Support/TermsOfUseView.swift (in target 'EventPassUG' from project 'EventPassUG')
    cd /Users/lley-tonn/Documents/projects/EventPassUG-MobileApp
    

SwiftCompile normal arm64 /Users/lley-tonn/Documents/projects/EventPassUG-MobileApp/EventPassUG/Views/Support/PrivacyPolicyView.swift (in target 'EventPassUG' from project 'EventPassUG')
    cd /Users/lley-tonn/Documents/projects/EventPassUG-MobileApp
    

SwiftCompile normal arm64 /Users/lley-tonn/Documents/projects/EventPassUG-MobileApp/EventPassUG/Views/Support/SupportCenterView.swift (in target 'EventPassUG' from project 'EventPassUG')
    cd /Users/lley-tonn/Documents/projects/EventPassUG-MobileApp
    

SwiftCompile normal arm64 /Users/lley-tonn/Documents/projects/EventPassUG-MobileApp/EventPassUG/Views/Support/SubmitTicketView.swift (in target 'EventPassUG' from project 'EventPassUG')
    cd /Users/lley-tonn/Documents/projects/EventPassUG-MobileApp
    

SwiftCompile normal arm64 /Users/lley-tonn/Documents/projects/EventPassUG-MobileApp/EventPassUG/Views/Support/TermsAndPrivacyView.swift (in target 'EventPassUG' from project 'EventPassUG')
    cd /Users/lley-tonn/Documents/projects/EventPassUG-MobileApp
    

SwiftCompile normal arm64 /Users/lley-tonn/Documents/projects/EventPassUG-MobileApp/EventPassUG/Core/Configuration/RoleConfig.swift (in target 'EventPassUG' from project 'EventPassUG')
    cd /Users/lley-tonn/Documents/projects/EventPassUG-MobileApp
    

SwiftCompile normal arm64 /Users/lley-tonn/Documents/projects/EventPassUG-MobileApp/EventPassUG/Core/Data/CoreData/PersistenceController.swift (in target 'EventPassUG' from project 'EventPassUG')
    cd /Users/lley-tonn/Documents/projects/EventPassUG-MobileApp
    

SwiftCompile normal arm64 /Users/lley-tonn/Documents/projects/EventPassUG-MobileApp/EventPassUG/Models/Domain/TicketType.swift (in target 'EventPassUG' from project 'EventPassUG')
    cd /Users/lley-tonn/Documents/projects/EventPassUG-MobileApp
    

SwiftCompile normal arm64 /Users/lley-tonn/Documents/projects/EventPassUG-MobileApp/EventPassUG/Models/Domain/Event.swift (in target 'EventPassUG' from project 'EventPassUG')
    cd /Users/lley-tonn/Documents/projects/EventPassUG-MobileApp
    

SwiftCompile normal arm64 /Users/lley-tonn/Documents/projects/EventPassUG-MobileApp/EventPassUG/Models/Notifications/NotificationModel.swift (in target 'EventPassUG' from project 'EventPassUG')
    cd /Users/lley-tonn/Documents/projects/EventPassUG-MobileApp
    

SwiftCompile normal arm64 /Users/lley-tonn/Documents/projects/EventPassUG-MobileApp/EventPassUG/Models/Domain/User.swift (in target 'EventPassUG' from project 'EventPassUG')
    cd /Users/lley-tonn/Documents/projects/EventPassUG-MobileApp
    

SwiftCompile normal arm64 Compiling\ CategoryTile.swift,\ QRCodeView.swift,\ AnimatedLikeButton.swift,\ LoadingView.swift,\ HeaderBar.swift,\ ProfileView.swift,\ NotificationsView.swift,\ ContentView.swift,\ ServiceContainer.swift,\ TicketService.swift,\ EventService.swift,\ PaymentService.swift /Users/lley-tonn/Documents/projects/EventPassUG-MobileApp/EventPassUG/Views/Components/Cards/CategoryTile.swift /Users/lley-tonn/Documents/projects/EventPassUG-MobileApp/EventPassUG/Views/Components/Media/QRCodeView.swift /Users/lley-tonn/Documents/projects/EventPassUG-MobileApp/EventPassUG/Views/Components/Buttons/AnimatedLikeButton.swift /Users/lley-tonn/Documents/projects/EventPassUG-MobileApp/EventPassUG/Views/Components/Loading/LoadingView.swift /Users/lley-tonn/Documents/projects/EventPassUG-MobileApp/EventPassUG/Views/Components/Headers/HeaderBar.swift /Users/lley-tonn/Documents/projects/EventPassUG-MobileApp/EventPassUG/Views/Profile/ProfileView.swift /Users/lley-tonn/Documents/projects/EventPassUG-MobileApp/EventPassUG/Views/Notifications/NotificationsView.swift /Users/lley-tonn/Documents/projects/EventPassUG-MobileApp/EventPassUG/App/ContentView.swift /Users/lley-tonn/Documents/projects/EventPassUG-MobileApp/EventPassUG/Services/ServiceContainer.swift /Users/lley-tonn/Documents/projects/EventPassUG-MobileApp/EventPassUG/Services/Tickets/TicketService.swift /Users/lley-tonn/Documents/projects/EventPassUG-MobileApp/EventPassUG/Services/Events/EventService.swift /Users/lley-tonn/Documents/projects/EventPassUG-MobileApp/EventPassUG/Services/Payment/PaymentService.swift (in target 'EventPassUG' from project 'EventPassUG')
SwiftCompile normal arm64 /Users/lley-tonn/Documents/projects/EventPassUG-MobileApp/EventPassUG/Views/Components/Cards/CategoryTile.swift (in target 'EventPassUG' from project 'EventPassUG')
    cd /Users/lley-tonn/Documents/projects/EventPassUG-MobileApp
    

SwiftCompile normal arm64 /Users/lley-tonn/Documents/projects/EventPassUG-MobileApp/EventPassUG/Views/Components/Media/QRCodeView.swift (in target 'EventPassUG' from project 'EventPassUG')
    cd /Users/lley-tonn/Documents/projects/EventPassUG-MobileApp
    

SwiftCompile normal arm64 /Users/lley-tonn/Documents/projects/EventPassUG-MobileApp/EventPassUG/Views/Components/Buttons/AnimatedLikeButton.swift (in target 'EventPassUG' from project 'EventPassUG')
    cd /Users/lley-tonn/Documents/projects/EventPassUG-MobileApp
    

SwiftCompile normal arm64 /Users/lley-tonn/Documents/projects/EventPassUG-MobileApp/EventPassUG/Views/Components/Loading/LoadingView.swift (in target 'EventPassUG' from project 'EventPassUG')
    cd /Users/lley-tonn/Documents/projects/EventPassUG-MobileApp
    

SwiftCompile normal arm64 /Users/lley-tonn/Documents/projects/EventPassUG-MobileApp/EventPassUG/Views/Components/Headers/HeaderBar.swift (in target 'EventPassUG' from project 'EventPassUG')
    cd /Users/lley-tonn/Documents/projects/EventPassUG-MobileApp
    

SwiftCompile normal arm64 /Users/lley-tonn/Documents/projects/EventPassUG-MobileApp/EventPassUG/Views/Profile/ProfileView.swift (in target 'EventPassUG' from project 'EventPassUG')
    cd /Users/lley-tonn/Documents/projects/EventPassUG-MobileApp
    

SwiftCompile normal arm64 /Users/lley-tonn/Documents/projects/EventPassUG-MobileApp/EventPassUG/Views/Notifications/NotificationsView.swift (in target 'EventPassUG' from project 'EventPassUG')
    cd /Users/lley-tonn/Documents/projects/EventPassUG-MobileApp
    

SwiftCompile normal arm64 /Users/lley-tonn/Documents/projects/EventPassUG-MobileApp/EventPassUG/App/ContentView.swift (in target 'EventPassUG' from project 'EventPassUG')
    cd /Users/lley-tonn/Documents/projects/EventPassUG-MobileApp
    

SwiftCompile normal arm64 /Users/lley-tonn/Documents/projects/EventPassUG-MobileApp/EventPassUG/Services/ServiceContainer.swift (in target 'EventPassUG' from project 'EventPassUG')
    cd /Users/lley-tonn/Documents/projects/EventPassUG-MobileApp
    

SwiftCompile normal arm64 /Users/lley-tonn/Documents/projects/EventPassUG-MobileApp/EventPassUG/Services/Tickets/TicketService.swift (in target 'EventPassUG' from project 'EventPassUG')
    cd /Users/lley-tonn/Documents/projects/EventPassUG-MobileApp
    

SwiftCompile normal arm64 /Users/lley-tonn/Documents/projects/EventPassUG-MobileApp/EventPassUG/Services/Events/EventService.swift (in target 'EventPassUG' from project 'EventPassUG')
    cd /Users/lley-tonn/Documents/projects/EventPassUG-MobileApp
    

SwiftCompile normal arm64 /Users/lley-tonn/Documents/projects/EventPassUG-MobileApp/EventPassUG/Services/Payment/PaymentService.swift (in target 'EventPassUG' from project 'EventPassUG')
    cd /Users/lley-tonn/Documents/projects/EventPassUG-MobileApp
    

SwiftCompile normal arm64 Compiling\ Ticket.swift,\ DateUtilities.swift,\ Validation.swift,\ ImageColorExtractor.swift,\ ScrollHelpers.swift,\ PDFGenerator.swift,\ ShareSheet.swift,\ QRCodeGenerator.swift,\ HapticFeedback.swift,\ TicketPurchaseView.swift,\ EventDetailsView.swift,\ TicketsView.swift /Users/lley-tonn/Documents/projects/EventPassUG-MobileApp/EventPassUG/Models/Domain/Ticket.swift /Users/lley-tonn/Documents/projects/EventPassUG-MobileApp/EventPassUG/Utilities/Helpers/Date/DateUtilities.swift /Users/lley-tonn/Documents/projects/EventPassUG-MobileApp/EventPassUG/Utilities/Helpers/Validation/Validation.swift /Users/lley-tonn/Documents/projects/EventPassUG-MobileApp/EventPassUG/Utilities/Helpers/Image/ImageColorExtractor.swift /Users/lley-tonn/Documents/projects/EventPassUG-MobileApp/EventPassUG/Utilities/Helpers/UI/ScrollHelpers.swift /Users/lley-tonn/Documents/projects/EventPassUG-MobileApp/EventPassUG/Utilities/Helpers/Generators/PDFGenerator.swift /Users/lley-tonn/Documents/projects/EventPassUG-MobileApp/EventPassUG/Utilities/Helpers/UI/ShareSheet.swift /Users/lley-tonn/Documents/projects/EventPassUG-MobileApp/EventPassUG/Utilities/Helpers/Generators/QRCodeGenerator.swift /Users/lley-tonn/Documents/projects/EventPassUG-MobileApp/EventPassUG/Utilities/Helpers/Device/HapticFeedback.swift /Users/lley-tonn/Documents/projects/EventPassUG-MobileApp/EventPassUG/Views/Attendee/Tickets/TicketPurchaseView.swift /Users/lley-tonn/Documents/projects/EventPassUG-MobileApp/EventPassUG/Views/Attendee/Events/EventDetailsView.swift /Users/lley-tonn/Documents/projects/EventPassUG-MobileApp/EventPassUG/Views/Attendee/Tickets/TicketsView.swift (in target 'EventPassUG' from project 'EventPassUG')
SwiftCompile normal arm64 /Users/lley-tonn/Documents/projects/EventPassUG-MobileApp/EventPassUG/Models/Domain/Ticket.swift (in target 'EventPassUG' from project 'EventPassUG')
    cd /Users/lley-tonn/Documents/projects/EventPassUG-MobileApp
    

SwiftCompile normal arm64 /Users/lley-tonn/Documents/projects/EventPassUG-MobileApp/EventPassUG/Utilities/Helpers/Date/DateUtilities.swift (in target 'EventPassUG' from project 'EventPassUG')
    cd /Users/lley-tonn/Documents/projects/EventPassUG-MobileApp
    

SwiftCompile normal arm64 /Users/lley-tonn/Documents/projects/EventPassUG-MobileApp/EventPassUG/Utilities/Helpers/Validation/Validation.swift (in target 'EventPassUG' from project 'EventPassUG')
    cd /Users/lley-tonn/Documents/projects/EventPassUG-MobileApp
    

SwiftCompile normal arm64 /Users/lley-tonn/Documents/projects/EventPassUG-MobileApp/EventPassUG/Utilities/Helpers/Image/ImageColorExtractor.swift (in target 'EventPassUG' from project 'EventPassUG')
    cd /Users/lley-tonn/Documents/projects/EventPassUG-MobileApp
    

SwiftCompile normal arm64 /Users/lley-tonn/Documents/projects/EventPassUG-MobileApp/EventPassUG/Utilities/Helpers/UI/ScrollHelpers.swift (in target 'EventPassUG' from project 'EventPassUG')
    cd /Users/lley-tonn/Documents/projects/EventPassUG-MobileApp
    

SwiftCompile normal arm64 /Users/lley-tonn/Documents/projects/EventPassUG-MobileApp/EventPassUG/Utilities/Helpers/Generators/PDFGenerator.swift (in target 'EventPassUG' from project 'EventPassUG')
    cd /Users/lley-tonn/Documents/projects/EventPassUG-MobileApp
    

SwiftCompile normal arm64 /Users/lley-tonn/Documents/projects/EventPassUG-MobileApp/EventPassUG/Utilities/Helpers/UI/ShareSheet.swift (in target 'EventPassUG' from project 'EventPassUG')
    cd /Users/lley-tonn/Documents/projects/EventPassUG-MobileApp
    

SwiftCompile normal arm64 /Users/lley-tonn/Documents/projects/EventPassUG-MobileApp/EventPassUG/Utilities/Helpers/Generators/QRCodeGenerator.swift (in target 'EventPassUG' from project 'EventPassUG')
    cd /Users/lley-tonn/Documents/projects/EventPassUG-MobileApp
    

SwiftCompile normal arm64 /Users/lley-tonn/Documents/projects/EventPassUG-MobileApp/EventPassUG/Utilities/Helpers/Device/HapticFeedback.swift (in target 'EventPassUG' from project 'EventPassUG')
    cd /Users/lley-tonn/Documents/projects/EventPassUG-MobileApp
    

SwiftCompile normal arm64 /Users/lley-tonn/Documents/projects/EventPassUG-MobileApp/EventPassUG/Views/Attendee/Tickets/TicketPurchaseView.swift (in target 'EventPassUG' from project 'EventPassUG')
    cd /Users/lley-tonn/Documents/projects/EventPassUG-MobileApp
    

SwiftCompile normal arm64 /Users/lley-tonn/Documents/projects/EventPassUG-MobileApp/EventPassUG/Views/Attendee/Events/EventDetailsView.swift (in target 'EventPassUG' from project 'EventPassUG')
    cd /Users/lley-tonn/Documents/projects/EventPassUG-MobileApp
    

SwiftCompile normal arm64 /Users/lley-tonn/Documents/projects/EventPassUG-MobileApp/EventPassUG/Views/Attendee/Tickets/TicketsView.swift (in target 'EventPassUG' from project 'EventPassUG')
    cd /Users/lley-tonn/Documents/projects/EventPassUG-MobileApp
    

SwiftCompile normal arm64 Compiling\ NotificationSettingsView.swift,\ PaymentMethodsView.swift,\ OnboardingFlowView.swift,\ LocationService.swift,\ DeviceOrientation.swift,\ ResponsiveSize.swift,\ AppStorage.swift,\ ImageStorageManager.swift,\ AppIntroSlidesView.swift,\ AttendeeHomeViewModel.swift,\ AppStorageKeys.swift,\ OnboardingDebugView.swift /Users/lley-tonn/Documents/projects/EventPassUG-MobileApp/EventPassUG/Views/Profile/NotificationSettingsView.swift /Users/lley-tonn/Documents/projects/EventPassUG-MobileApp/EventPassUG/Views/Profile/PaymentMethodsView.swift /Users/lley-tonn/Documents/projects/EventPassUG-MobileApp/EventPassUG/Views/Auth/Onboarding/OnboardingFlowView.swift /Users/lley-tonn/Documents/projects/EventPassUG-MobileApp/EventPassUG/Services/Location/LocationService.swift /Users/lley-tonn/Documents/projects/EventPassUG-MobileApp/EventPassUG/Utilities/Helpers/Device/DeviceOrientation.swift /Users/lley-tonn/Documents/projects/EventPassUG-MobileApp/EventPassUG/Utilities/Helpers/Device/ResponsiveSize.swift /Users/lley-tonn/Documents/projects/EventPassUG-MobileApp/EventPassUG/Core/Data/Storage/AppStorage.swift /Users/lley-tonn/Documents/projects/EventPassUG-MobileApp/EventPassUG/Utilities/Managers/ImageStorageManager.swift /Users/lley-tonn/Documents/projects/EventPassUG-MobileApp/EventPassUG/Views/Auth/Onboarding/AppIntroSlidesView.swift /Users/lley-tonn/Documents/projects/EventPassUG-MobileApp/EventPassUG/ViewModels/Attendee/AttendeeHomeViewModel.swift /Users/lley-tonn/Documents/projects/EventPassUG-MobileApp/EventPassUG/Core/Data/Storage/AppStorageKeys.swift /Users/lley-tonn/Documents/projects/EventPassUG-MobileApp/EventPassUG/Utilities/Debug/OnboardingDebugView.swift (in target 'EventPassUG' from project 'EventPassUG')

SwiftCompile normal arm64 /Users/lley-tonn/Documents/projects/EventPassUG-MobileApp/EventPassUG/Views/Profile/NotificationSettingsView.swift (in target 'EventPassUG' from project 'EventPassUG')
    cd /Users/lley-tonn/Documents/projects/EventPassUG-MobileApp
    

SwiftCompile normal arm64 /Users/lley-tonn/Documents/projects/EventPassUG-MobileApp/EventPassUG/Views/Profile/PaymentMethodsView.swift (in target 'EventPassUG' from project 'EventPassUG')
    cd /Users/lley-tonn/Documents/projects/EventPassUG-MobileApp
    

SwiftCompile normal arm64 /Users/lley-tonn/Documents/projects/EventPassUG-MobileApp/EventPassUG/Views/Auth/Onboarding/OnboardingFlowView.swift (in target 'EventPassUG' from project 'EventPassUG')
    cd /Users/lley-tonn/Documents/projects/EventPassUG-MobileApp
    

SwiftCompile normal arm64 /Users/lley-tonn/Documents/projects/EventPassUG-MobileApp/EventPassUG/Services/Location/LocationService.swift (in target 'EventPassUG' from project 'EventPassUG')
    cd /Users/lley-tonn/Documents/projects/EventPassUG-MobileApp
    

SwiftCompile normal arm64 /Users/lley-tonn/Documents/projects/EventPassUG-MobileApp/EventPassUG/Utilities/Helpers/Device/DeviceOrientation.swift (in target 'EventPassUG' from project 'EventPassUG')
    cd /Users/lley-tonn/Documents/projects/EventPassUG-MobileApp
    

SwiftCompile normal arm64 /Users/lley-tonn/Documents/projects/EventPassUG-MobileApp/EventPassUG/Utilities/Helpers/Device/ResponsiveSize.swift (in target 'EventPassUG' from project 'EventPassUG')
    cd /Users/lley-tonn/Documents/projects/EventPassUG-MobileApp
    

SwiftCompile normal arm64 /Users/lley-tonn/Documents/projects/EventPassUG-MobileApp/EventPassUG/Core/Data/Storage/AppStorage.swift (in target 'EventPassUG' from project 'EventPassUG')
    cd /Users/lley-tonn/Documents/projects/EventPassUG-MobileApp
    

SwiftCompile normal arm64 /Users/lley-tonn/Documents/projects/EventPassUG-MobileApp/EventPassUG/Utilities/Managers/ImageStorageManager.swift (in target 'EventPassUG' from project 'EventPassUG')
    cd /Users/lley-tonn/Documents/projects/EventPassUG-MobileApp
    

SwiftCompile normal arm64 /Users/lley-tonn/Documents/projects/EventPassUG-MobileApp/EventPassUG/Views/Auth/Onboarding/AppIntroSlidesView.swift (in target 'EventPassUG' from project 'EventPassUG')
    cd /Users/lley-tonn/Documents/projects/EventPassUG-MobileApp
    

SwiftCompile normal arm64 /Users/lley-tonn/Documents/projects/EventPassUG-MobileApp/EventPassUG/ViewModels/Attendee/AttendeeHomeViewModel.swift (in target 'EventPassUG' from project 'EventPassUG')
    cd /Users/lley-tonn/Documents/projects/EventPassUG-MobileApp
    

SwiftCompile normal arm64 /Users/lley-tonn/Documents/projects/EventPassUG-MobileApp/EventPassUG/Core/Data/Storage/AppStorageKeys.swift (in target 'EventPassUG' from project 'EventPassUG')
    cd /Users/lley-tonn/Documents/projects/EventPassUG-MobileApp
    

SwiftCompile normal arm64 /Users/lley-tonn/Documents/projects/EventPassUG-MobileApp/EventPassUG/Utilities/Debug/OnboardingDebugView.swift (in target 'EventPassUG' from project 'EventPassUG')
    cd /Users/lley-tonn/Documents/projects/EventPassUG-MobileApp
    

SwiftCompile normal arm64 Compiling\ TicketDetailView.swift,\ AttendeeHomeView.swift,\ QRScannerView.swift,\ OrganizerDashboardView.swift,\ OrganizerHomeView.swift,\ OrganizerNotificationCenterView.swift,\ CreateEventWizard.swift,\ MainTabView.swift,\ PulsingDot.swift,\ EventCard.swift,\ UIComponents.swift,\ NotificationBadge.swift /Users/lley-tonn/Documents/projects/EventPassUG-MobileApp/EventPassUG/Views/Attendee/Tickets/TicketDetailView.swift /Users/lley-tonn/Documents/projects/EventPassUG-MobileApp/EventPassUG/Views/Attendee/Home/AttendeeHomeView.swift /Users/lley-tonn/Documents/projects/EventPassUG-MobileApp/EventPassUG/Views/Organizer/Scanner/QRScannerView.swift /Users/lley-tonn/Documents/projects/EventPassUG-MobileApp/EventPassUG/Views/Organizer/Home/OrganizerDashboardView.swift /Users/lley-tonn/Documents/projects/EventPassUG-MobileApp/EventPassUG/Views/Organizer/Home/OrganizerHomeView.swift /Users/lley-tonn/Documents/projects/EventPassUG-MobileApp/EventPassUG/Views/Organizer/Notifications/OrganizerNotificationCenterView.swift /Users/lley-tonn/Documents/projects/EventPassUG-MobileApp/EventPassUG/Views/Organizer/Events/CreateEventWizard.swift /Users/lley-tonn/Documents/projects/EventPassUG-MobileApp/EventPassUG/Views/Navigation/MainTabView.swift /Users/lley-tonn/Documents/projects/EventPassUG-MobileApp/EventPassUG/Views/Components/Badges/PulsingDot.swift /Users/lley-tonn/Documents/projects/EventPassUG-MobileApp/EventPassUG/Views/Components/Cards/EventCard.swift /Users/lley-tonn/Documents/projects/EventPassUG-MobileApp/EventPassUG/Views/Components/UIComponents.swift /Users/lley-tonn/Documents/projects/EventPassUG-MobileApp/EventPassUG/Views/Components/Badges/NotificationBadge.swift (in target 'EventPassUG' from project 'EventPassUG')

SwiftCompile normal arm64 /Users/lley-tonn/Documents/projects/EventPassUG-MobileApp/EventPassUG/Views/Attendee/Tickets/TicketDetailView.swift (in target 'EventPassUG' from project 'EventPassUG')
    cd /Users/lley-tonn/Documents/projects/EventPassUG-MobileApp
    

SwiftCompile normal arm64 /Users/lley-tonn/Documents/projects/EventPassUG-MobileApp/EventPassUG/Views/Attendee/Home/AttendeeHomeView.swift (in target 'EventPassUG' from project 'EventPassUG')
    cd /Users/lley-tonn/Documents/projects/EventPassUG-MobileApp
    

SwiftCompile normal arm64 /Users/lley-tonn/Documents/projects/EventPassUG-MobileApp/EventPassUG/Views/Organizer/Scanner/QRScannerView.swift (in target 'EventPassUG' from project 'EventPassUG')
    cd /Users/lley-tonn/Documents/projects/EventPassUG-MobileApp
    

SwiftCompile normal arm64 /Users/lley-tonn/Documents/projects/EventPassUG-MobileApp/EventPassUG/Views/Organizer/Home/OrganizerDashboardView.swift (in target 'EventPassUG' from project 'EventPassUG')
    cd /Users/lley-tonn/Documents/projects/EventPassUG-MobileApp
    

SwiftCompile normal arm64 /Users/lley-tonn/Documents/projects/EventPassUG-MobileApp/EventPassUG/Views/Organizer/Home/OrganizerHomeView.swift (in target 'EventPassUG' from project 'EventPassUG')
    cd /Users/lley-tonn/Documents/projects/EventPassUG-MobileApp
    

SwiftCompile normal arm64 /Users/lley-tonn/Documents/projects/EventPassUG-MobileApp/EventPassUG/Views/Organizer/Notifications/OrganizerNotificationCenterView.swift (in target 'EventPassUG' from project 'EventPassUG')
    cd /Users/lley-tonn/Documents/projects/EventPassUG-MobileApp
    

SwiftCompile normal arm64 /Users/lley-tonn/Documents/projects/EventPassUG-MobileApp/EventPassUG/Views/Organizer/Events/CreateEventWizard.swift (in target 'EventPassUG' from project 'EventPassUG')
    cd /Users/lley-tonn/Documents/projects/EventPassUG-MobileApp
    

SwiftCompile normal arm64 /Users/lley-tonn/Documents/projects/EventPassUG-MobileApp/EventPassUG/Views/Navigation/MainTabView.swift (in target 'EventPassUG' from project 'EventPassUG')
    cd /Users/lley-tonn/Documents/projects/EventPassUG-MobileApp
    

SwiftCompile normal arm64 /Users/lley-tonn/Documents/projects/EventPassUG-MobileApp/EventPassUG/Views/Components/Badges/PulsingDot.swift (in target 'EventPassUG' from project 'EventPassUG')
    cd /Users/lley-tonn/Documents/projects/EventPassUG-MobileApp
    

SwiftCompile normal arm64 /Users/lley-tonn/Documents/projects/EventPassUG-MobileApp/EventPassUG/Views/Components/Cards/EventCard.swift (in target 'EventPassUG' from project 'EventPassUG')
    cd /Users/lley-tonn/Documents/projects/EventPassUG-MobileApp
    

SwiftCompile normal arm64 /Users/lley-tonn/Documents/projects/EventPassUG-MobileApp/EventPassUG/Views/Components/UIComponents.swift (in target 'EventPassUG' from project 'EventPassUG')
    cd /Users/lley-tonn/Documents/projects/EventPassUG-MobileApp
    

SwiftCompile normal arm64 /Users/lley-tonn/Documents/projects/EventPassUG-MobileApp/EventPassUG/Views/Components/Badges/NotificationBadge.swift (in target 'EventPassUG' from project 'EventPassUG')
    cd /Users/lley-tonn/Documents/projects/EventPassUG-MobileApp
    

SwiftEmitModule normal arm64 Emitting\ module\ for\ EventPassUG (in target 'EventPassUG' from project 'EventPassUG')
Failed frontend command:
/Applications/Xcode.app/Contents/Developer/Toolchains/XcodeDefault.xctoolchain/usr/bin/swift-frontend -frontend -emit-module -experimental-skip-non-inlinable-function-bodies-without-types /Users/lley-tonn/Documents/projects/EventPassUG-MobileApp/EventPassUG/Models/Domain/OrganizerProfile.swift /Users/lley-tonn/Documents/projects/EventPassUG-MobileApp/EventPassUG/Views/Organizer/Onboarding/BecomeOrganizerFlow.swift /Users/lley-tonn/Documents/projects/EventPassUG-MobileApp/EventPassUG/Views/Organizer/Onboarding/Steps/OrganizerProfileCompletionStep.swift /Users/lley-tonn/Documents/projects/EventPassUG-MobileApp/EventPassUG/Views/Organizer/Onboarding/Steps/OrganizerIdentityVerificationStep.swift /Users/lley-tonn/Documents/projects/EventPassUG-MobileApp/EventPassUG/Views/Organizer/Onboarding/Steps/OrganizerContactInfoStep.swift /Users/lley-tonn/Documents/projects/EventPassUG-MobileApp/EventPassUG/Views/Organizer/Onboarding/Steps/OrganizerPayoutSetupStep.swift /Users/lley-tonn/Documents/projects/EventPassUG-MobileApp/EventPassUG/Views/Organizer/Onboarding/Steps/OrganizerTermsAgreementStep.swift /Users/lley-tonn/Documents/projects/EventPassUG-MobileApp/EventPassUG/Models/Support/SupportModels.swift /Users/lley-tonn/Documents/projects/EventPassUG-MobileApp/EventPassUG/Views/Support/HelpCenterView.swift /Users/lley-tonn/Documents/projects/EventPassUG-MobileApp/EventPassUG/Views/Support/FAQSectionView.swift /Users/lley-tonn/Documents/projects/EventPassUG-MobileApp/EventPassUG/Views/Support/TroubleshootingView.swift /Users/lley-tonn/Documents/projects/EventPassUG-MobileApp/EventPassUG/Views/Support/AppGuidesView.swift /Users/lley-tonn/Documents/projects/EventPassUG-MobileApp/EventPassUG/Views/Support/SecurityInfoView.swift /Users/lley-tonn/Documents/projects/EventPassUG-MobileApp/EventPassUG/Views/Support/FeatureExplanationsView.swift /Users/lley-tonn/Documents/projects/EventPassUG-MobileApp/EventPassUG/Views/Support/TermsOfUseView.swift /Users/lley-tonn/Documents/projects/EventPassUG-MobileApp/EventPassUG/Views/Support/PrivacyPolicyView.swift /Users/lley-tonn/Documents/projects/EventPassUG-MobileApp/EventPassUG/Views/Support/SupportCenterView.swift /Users/lley-tonn/Documents/projects/EventPassUG-MobileApp/EventPassUG/Views/Support/SubmitTicketView.swift /Users/lley-tonn/Documents/projects/EventPassUG-MobileApp/EventPassUG/Views/Support/TermsAndPrivacyView.swift /Users/lley-tonn/Documents/projects/EventPassUG-MobileApp/EventPassUG/Core/Configuration/RoleConfig.swift /Users/lley-tonn/Documents/projects/EventPassUG-MobileApp/EventPassUG/Core/Data/CoreData/PersistenceController.swift /Users/lley-tonn/Documents/projects/EventPassUG-MobileApp/EventPassUG/Models/Domain/TicketType.swift /Users/lley-tonn/Documents/projects/EventPassUG-MobileApp/EventPassUG/Models/Domain/Event.swift /Users/lley-tonn/Documents/projects/EventPassUG-MobileApp/EventPassUG/Models/Notifications/NotificationModel.swift /Users/lley-tonn/Documents/projects/EventPassUG-MobileApp/EventPassUG/Models/Domain/User.swift /Users/lley-tonn/Documents/projects/EventPassUG-MobileApp/EventPassUG/Models/Domain/Ticket.swift /Users/lley-tonn/Documents/projects/EventPassUG-MobileApp/EventPassUG/Utilities/Helpers/Date/DateUtilities.swift /Users/lley-tonn/Documents/projects/EventPassUG-MobileApp/EventPassUG/Utilities/Helpers/Validation/Validation.swift /Users/lley-tonn/Documents/projects/EventPassUG-MobileApp/EventPassUG/Utilities/Helpers/Image/ImageColorExtractor.swift /Users/lley-tonn/Documents/projects/EventPassUG-MobileApp/EventPassUG/Utilities/Helpers/UI/ScrollHelpers.swift /Users/lley-tonn/Documents/projects/EventPassUG-MobileApp/EventPassUG/Utilities/Helpers/Generators/PDFGenerator.swift /Users/lley-tonn/Documents/projects/EventPassUG-MobileApp/EventPassUG/Utilities/Helpers/UI/ShareSheet.swift /Users/lley-tonn/Documents/projects/EventPassUG-MobileApp/EventPassUG/Utilities/Helpers/Generators/QRCodeGenerator.swift /Users/lley-tonn/Documents/projects/EventPassUG-MobileApp/EventPassUG/Utilities/Helpers/Device/HapticFeedback.swift /Users/lley-tonn/Documents/projects/EventPassUG-MobileApp/EventPassUG/Views/Attendee/Tickets/TicketPurchaseView.swift /Users/lley-tonn/Documents/projects/EventPassUG-MobileApp/EventPassUG/Views/Attendee/Events/EventDetailsView.swift /Users/lley-tonn/Documents/projects/EventPassUG-MobileApp/EventPassUG/Views/Attendee/Tickets/TicketsView.swift /Users/lley-tonn/Documents/projects/EventPassUG-MobileApp/EventPassUG/Views/Attendee/Tickets/TicketDetailView.swift /Users/lley-tonn/Documents/projects/EventPassUG-MobileApp/EventPassUG/Views/Attendee/Home/AttendeeHomeView.swift /Users/lley-tonn/Documents/projects/EventPassUG-MobileApp/EventPassUG/Views/Organizer/Scanner/QRScannerView.swift /Users/lley-tonn/Documents/projects/EventPassUG-MobileApp/EventPassUG/Views/Organizer/Home/OrganizerDashboardView.swift /Users/lley-tonn/Documents/projects/EventPassUG-MobileApp/EventPassUG/Views/Organizer/Home/OrganizerHomeView.swift /Users/lley-tonn/Documents/projects/EventPassUG-MobileApp/EventPassUG/Views/Organizer/Notifications/OrganizerNotificationCenterView.swift /Users/lley-tonn/Documents/projects/EventPassUG-MobileApp/EventPassUG/Views/Organizer/Events/CreateEventWizard.swift /Users/lley-tonn/Documents/projects/EventPassUG-MobileApp/EventPassUG/Views/Navigation/MainTabView.swift /Users/lley-tonn/Documents/projects/EventPassUG-MobileApp/EventPassUG/Views/Components/Badges/PulsingDot.swift /Users/lley-tonn/Documents/projects/EventPassUG-MobileApp/EventPassUG/Views/Components/Cards/EventCard.swift /Users/lley-tonn/Documents/projects/EventPassUG-MobileApp/EventPassUG/Views/Components/UIComponents.swift /Users/lley-tonn/Documents/projects/EventPassUG-MobileApp/EventPassUG/Views/Components/Badges/NotificationBadge.swift /Users/lley-tonn/Documents/projects/EventPassUG-MobileApp/EventPassUG/Views/Components/Cards/CategoryTile.swift /Users/lley-tonn/Documents/projects/EventPassUG-MobileApp/EventPassUG/Views/Components/Media/QRCodeView.swift /Users/lley-tonn/Documents/projects/EventPassUG-MobileApp/EventPassUG/Views/Components/Buttons/AnimatedLikeButton.swift /Users/lley-tonn/Documents/projects/EventPassUG-MobileApp/EventPassUG/Views/Components/Loading/LoadingView.swift /Users/lley-tonn/Documents/projects/EventPassUG-MobileApp/EventPassUG/Views/Components/Headers/HeaderBar.swift /Users/lley-tonn/Documents/projects/EventPassUG-MobileApp/EventPassUG/Views/Profile/ProfileView.swift /Users/lley-tonn/Documents/projects/EventPassUG-MobileApp/EventPassUG/Views/Notifications/NotificationsView.swift /Users/lley-tonn/Documents/projects/EventPassUG-MobileApp/EventPassUG/App/ContentView.swift /Users/lley-tonn/Documents/projects/EventPassUG-MobileApp/EventPassUG/Services/ServiceContainer.swift /Users/lley-tonn/Documents/projects/EventPassUG-MobileApp/EventPassUG/Services/Tickets/TicketService.swift /Users/lley-tonn/Documents/projects/EventPassUG-MobileApp/EventPassUG/Services/Events/EventService.swift /Users/lley-tonn/Documents/projects/EventPassUG-MobileApp/EventPassUG/Services/Payment/PaymentService.swift /Users/lley-tonn/Documents/projects/EventPassUG-MobileApp/EventPassUG/Services/Authentication/AuthService.swift /Users/lley-tonn/Documents/projects/EventPassUG-MobileApp/EventPassUG/App/EventPassUGApp.swift /Users/lley-tonn/Documents/projects/EventPassUG-MobileApp/EventPassUG/Utilities/Managers/FavoriteManager.swift /Users/lley-tonn/Documents/projects/EventPassUG-MobileApp/EventPassUG/Views/Attendee/Events/SearchView.swift /Users/lley-tonn/Documents/projects/EventPassUG-MobileApp/EventPassUG/Views/Attendee/Events/FavoriteEventsView.swift /Users/lley-tonn/Documents/projects/EventPassUG-MobileApp/EventPassUG/Views/Attendee/Tickets/TicketSuccessView.swift /Users/lley-tonn/Documents/projects/EventPassUG-MobileApp/EventPassUG/Services/Notifications/NotificationService.swift /Users/lley-tonn/Documents/projects/EventPassUG-MobileApp/EventPassUG/Views/Profile/EditProfileView.swift /Users/lley-tonn/Documents/projects/EventPassUG-MobileApp/EventPassUG/Views/Components/Overlays/VerificationRequiredOverlay.swift /Users/lley-tonn/Documents/projects/EventPassUG-MobileApp/EventPassUG/Models/Notifications/NotificationPreferences.swift /Users/lley-tonn/Documents/projects/EventPassUG-MobileApp/EventPassUG/Services/UserPreferences/UserPreferencesService.swift /Users/lley-tonn/Documents/projects/EventPassUG-MobileApp/EventPassUG/Views/Profile/FavoriteEventCategoriesView.swift /Users/lley-tonn/Documents/projects/EventPassUG-MobileApp/EventPassUG/Views/Profile/NotificationSettingsView.swift /Users/lley-tonn/Documents/projects/EventPassUG-MobileApp/EventPassUG/Views/Profile/PaymentMethodsView.swift /Users/lley-tonn/Documents/projects/EventPassUG-MobileApp/EventPassUG/Views/Auth/Onboarding/OnboardingFlowView.swift /Users/lley-tonn/Documents/projects/EventPassUG-MobileApp/EventPassUG/Services/Location/LocationService.swift /Users/lley-tonn/Documents/projects/EventPassUG-MobileApp/EventPassUG/Utilities/Helpers/Device/DeviceOrientation.swift /Users/lley-tonn/Documents/projects/EventPassUG-MobileApp/EventPassUG/Utilities/Helpers/Device/ResponsiveSize.swift /Users/lley-tonn/Documents/projects/EventPassUG-MobileApp/EventPassUG/Core/Data/Storage/AppStorage.swift /Users/lley-tonn/Documents/projects/EventPassUG-MobileApp/EventPassUG/Utilities/Managers/ImageStorageManager.swift /Users/lley-tonn/Documents/projects/EventPassUG-MobileApp/EventPassUG/Views/Auth/Onboarding/AppIntroSlidesView.swift /Users/lley-tonn/Documents/projects/EventPassUG-MobileApp/EventPassUG/ViewModels/Attendee/AttendeeHomeViewModel.swift /Users/lley-tonn/Documents/projects/EventPassUG-MobileApp/EventPassUG/Core/Data/Storage/AppStorageKeys.swift /Users/lley-tonn/Documents/projects/EventPassUG-MobileApp/EventPassUG/Utilities/Debug/OnboardingDebugView.swift /Users/lley-tonn/Documents/projects/EventPassUG-MobileApp/EventPassUG/Models/Support/PosterConfiguration.swift /Users/lley-tonn/Documents/projects/EventPassUG-MobileApp/EventPassUG/Utilities/Helpers/Image/ImageValidator.swift /Users/lley-tonn/Documents/projects/EventPassUG-MobileApp/EventPassUG/Utilities/Helpers/Image/ImageCompressor.swift /Users/lley-tonn/Documents/projects/EventPassUG-MobileApp/EventPassUG/Utilities/Managers/PosterUploadManager.swift /Users/lley-tonn/Documents/projects/EventPassUG-MobileApp/EventPassUG/Views/Components/Media/PosterView.swift /Users/lley-tonn/Documents/projects/EventPassUG-MobileApp/EventPassUG/Utilities/Managers/FollowManager.swift /Users/lley-tonn/Documents/projects/EventPassUG-MobileApp/EventPassUG/Utilities/Managers/InAppNotificationManager.swift /Users/lley-tonn/Documents/projects/EventPassUG-MobileApp/EventPassUG/ViewModels/Organizer/EventAnalyticsViewModel.swift /Users/lley-tonn/Documents/projects/EventPassUG-MobileApp/EventPassUG/DesignSystem/Theme/AppDesignSystem.swift /Users/lley-tonn/Documents/projects/EventPassUG-MobileApp/EventPassUG/ViewModels/Auth/AuthViewModel.swift /Users/lley-tonn/Documents/projects/EventPassUG-MobileApp/EventPassUG/Services/Database/TestDatabase.swift /Users/lley-tonn/Documents/projects/EventPassUG-MobileApp/EventPassUG/Services/Authentication/EnhancedAuthService.swift /Users/lley-tonn/Documents/projects/EventPassUG-MobileApp/EventPassUG/Models/Preferences/UserPreferences.swift /Users/lley-tonn/Documents/projects/EventPassUG-MobileApp/EventPassUG/Services/Events/EventFilterService.swift /Users/lley-tonn/Documents/projects/EventPassUG-MobileApp/EventPassUG/Services/Recommendations/RecommendationService.swift /Users/lley-tonn/Documents/projects/EventPassUG-MobileApp/EventPassUG/Services/Notifications/AppNotificationService.swift /Users/lley-tonn/Documents/projects/EventPassUG-MobileApp/EventPassUG/Services/Calendar/CalendarService.swift /Users/lley-tonn/Documents/projects/EventPassUG-MobileApp/EventPassUG/Services/Location/UserLocationService.swift /Users/lley-tonn/Documents/projects/EventPassUG-MobileApp/EventPassUG/ViewModels/Attendee/DiscoveryViewModel.swift /Users/lley-tonn/Documents/projects/EventPassUG-MobileApp/EventPassUG/ViewModels/Settings/NotificationSettingsViewModel.swift /Users/lley-tonn/Documents/projects/EventPassUG-MobileApp/EventPassUG/Views/Shared/CalendarConflictView.swift /Users/lley-tonn/Documents/projects/EventPassUG-MobileApp/EventPassUG/Views/Auth/Onboarding/PermissionsView.swift /Users/lley-tonn/Documents/projects/EventPassUG-MobileApp/EventPassUG/Views/Shared/NationalIDVerificationView.swift /Users/lley-tonn/Documents/projects/EventPassUG-MobileApp/EventPassUG/Views/Shared/CardScanner.swift /Users/lley-tonn/Documents/projects/EventPassUG-MobileApp/EventPassUG/Views/Auth/Login/PhoneVerificationView.swift /Users/lley-tonn/Documents/projects/EventPassUG-MobileApp/EventPassUG/Views/Auth/Login/AddContactMethodView.swift /Users/lley-tonn/Documents/projects/EventPassUG-MobileApp/EventPassUG/Views/Auth/Login/ModernAuthView.swift /Users/lley-tonn/Documents/projects/EventPassUG-MobileApp/EventPassUG/Views/Auth/Login/AuthComponents.swift /Users/lley-tonn/Documents/projects/EventPassUG-MobileApp/EventPassUG/Views/Organizer/Events/EventAnalyticsView.swift /Users/lley-tonn/Documents/projects/EventPassUG-MobileApp/EventPassUG/Services/Notifications/NotificationAnalytics.swift /Users/lley-tonn/Library/Developer/Xcode/DerivedData/EventPassUG-gzepokzbfyrttbfcyqifbjiffdxh/Build/Intermediates.noindex/EventPassUG.build/Debug-iphonesimulator/EventPassUG.build/DerivedSources/CoreDataGenerated/EventPassUG/EventEntity+CoreDataClass.swift /Users/lley-tonn/Library/Developer/Xcode/DerivedData/EventPassUG-gzepokzbfyrttbfcyqifbjiffdxh/Build/Intermediates.noindex/EventPassUG.build/Debug-iphonesimulator/EventPassUG.build/DerivedSources/CoreDataGenerated/EventPassUG/EventEntity+CoreDataProperties.swift /Users/lley-tonn/Library/Developer/Xcode/DerivedData/EventPassUG-gzepokzbfyrttbfcyqifbjiffdxh/Build/Intermediates.noindex/EventPassUG.build/Debug-iphonesimulator/EventPassUG.build/DerivedSources/CoreDataGenerated/EventPassUG/TicketEntity+CoreDataClass.swift /Users/lley-tonn/Library/Developer/Xcode/DerivedData/EventPassUG-gzepokzbfyrttbfcyqifbjiffdxh/Build/Intermediates.noindex/EventPassUG.build/Debug-iphonesimulator/EventPassUG.build/DerivedSources/CoreDataGenerated/EventPassUG/TicketEntity+CoreDataProperties.swift /Users/lley-tonn/Library/Developer/Xcode/DerivedData/EventPassUG-gzepokzbfyrttbfcyqifbjiffdxh/Build/Intermediates.noindex/EventPassUG.build/Debug-iphonesimulator/EventPassUG.build/DerivedSources/CoreDataGenerated/EventPassUG/EventPassUG+CoreDataModel.swift /Users/lley-tonn/Library/Developer/Xcode/DerivedData/EventPassUG-gzepokzbfyrttbfcyqifbjiffdxh/Build/Intermediates.noindex/EventPassUG.build/Debug-iphonesimulator/EventPassUG.build/DerivedSources/GeneratedAssetSymbols.swift -target arm64-apple-ios16.0-simulator -module-can-import-version DeveloperToolsSupport 23.0.4 23.0.4 -module-can-import-version SwiftUI 7.2.5.1 7.2.5 -module-can-import-version UIKit 9126.2.4.1 9126.2.4 -disable-cross-import-overlay-search -swift-module-cross-import CoreData /Applications/Xcode.app/Contents/Developer/Platforms/iPhoneSimulator.platform/Developer/SDKs/iPhoneSimulator.sdk/System/Library/Frameworks/CoreData.framework/Modules/CoreData.swiftcrossimport/CloudKit.swiftoverlay -swift-module-cross-import CoreData /Applications/Xcode.app/Contents/Developer/Platforms/iPhoneSimulator.platform/Developer/SDKs/iPhoneSimulator26.2.sdk/System/Library/Frameworks/CoreData.framework/Modules/CoreData.swiftcrossimport/CloudKit.swiftoverlay -swift-module-cross-import MapKit /Applications/Xcode.app/Contents/Developer/Platforms/iPhoneSimulator.platform/Developer/SDKs/iPhoneSimulator.sdk/System/Library/Frameworks/MapKit.framework/Modules/MapKit.swiftcrossimport/SwiftUI.swiftoverlay -swift-module-cross-import PhotosUI /Applications/Xcode.app/Contents/Developer/Platforms/iPhoneSimulator.platform/Developer/SDKs/iPhoneSimulator.sdk/System/Library/Frameworks/PhotosUI.framework/Modules/PhotosUI.swiftcrossimport/SwiftUI.swiftoverlay -swift-module-cross-import PhotosUI /Applications/Xcode.app/Contents/Developer/Platforms/iPhoneSimulator.platform/Developer/SDKs/iPhoneSimulator.sdk/System/Library/Frameworks/PhotosUI.framework/Modules/PhotosUI.swiftcrossimport/WidgetKit.swiftoverlay -swift-module-cross-import PhotosUI /Applications/Xcode.app/Contents/Developer/Platforms/iPhoneSimulator.platform/Developer/SDKs/iPhoneSimulator26.2.sdk/System/Library/Frameworks/PhotosUI.framework/Modules/PhotosUI.swiftcrossimport/SwiftUI.swiftoverlay -swift-module-cross-import PhotosUI /Applications/Xcode.app/Contents/Developer/Platforms/iPhoneSimulator.platform/Developer/SDKs/iPhoneSimulator26.2.sdk/System/Library/Frameworks/PhotosUI.framework/Modules/PhotosUI.swiftcrossimport/WidgetKit.swiftoverlay -swift-module-cross-import StoreKit /Applications/Xcode.app/Contents/Developer/Platforms/iPhoneSimulator.platform/Developer/SDKs/iPhoneSimulator.sdk/System/Library/Frameworks/StoreKit.framework/Modules/StoreKit.swiftcrossimport/SwiftUI.swiftoverlay -swift-module-cross-import StoreKit /Applications/Xcode.app/Contents/Developer/Platforms/iPhoneSimulator.platform/Developer/SDKs/iPhoneSimulator26.2.sdk/System/Library/Frameworks/StoreKit.framework/Modules/StoreKit.swiftcrossimport/SwiftUI.swiftoverlay -load-resolved-plugin /Applications/Xcode.app/Contents/Developer/Platforms/iPhoneOS.platform/Developer/usr/lib/swift/host/plugins/libFoundationMacros.dylib\#/Applications/Xcode.app/Contents/Developer/Platforms/iPhoneOS.platform/Developer/usr/bin/swift-plugin-server\#FoundationMacros -load-resolved-plugin /Applications/Xcode.app/Contents/Developer/Platforms/iPhoneOS.platform/Developer/usr/lib/swift/host/plugins/libObservationMacros.dylib\#/Applications/Xcode.app/Contents/Developer/Platforms/iPhoneOS.platform/Developer/usr/bin/swift-plugin-server\#ObservationMacros -load-resolved-plugin /Applications/Xcode.app/Contents/Developer/Platforms/iPhoneOS.platform/Developer/usr/lib/swift/host/plugins/libPreviewsMacros.dylib\#/Applications/Xcode.app/Contents/Developer/Platforms/iPhoneOS.platform/Developer/usr/bin/swift-plugin-server\#PreviewsMacros -load-resolved-plugin /Applications/Xcode.app/Contents/Developer/Platforms/iPhoneOS.platform/Developer/usr/lib/swift/host/plugins/libSwiftMacros.dylib\#/Applications/Xcode.app/Contents/Developer/Platforms/iPhoneOS.platform/Developer/usr/bin/swift-plugin-server\#SwiftMacros -load-resolved-plugin /Applications/Xcode.app/Contents/Developer/Platforms/iPhoneOS.platform/Developer/usr/lib/swift/host/plugins/libSwiftUIMacros.dylib\#/Applications/Xcode.app/Contents/Developer/Platforms/iPhoneOS.platform/Developer/usr/bin/swift-plugin-server\#SwiftUIMacros -disable-implicit-swift-modules -Xcc -fno-implicit-modules -Xcc -fno-implicit-module-maps -explicit-swift-module-map-file /Users/lley-tonn/Library/Developer/Xcode/DerivedData/EventPassUG-gzepokzbfyrttbfcyqifbjiffdxh/Build/Intermediates.noindex/EventPassUG.build/Debug-iphonesimulator/EventPassUG.build/Objects-normal/arm64/EventPassUG-dependencies-1.json -Xllvm -aarch64-use-tbi -enable-objc-interop -sdk /Applications/Xcode.app/Contents/Developer/Platforms/iPhoneSimulator.platform/Developer/SDKs/iPhoneSimulator26.2.sdk -I /Users/lley-tonn/Library/Developer/Xcode/DerivedData/EventPassUG-gzepokzbfyrttbfcyqifbjiffdxh/Build/Products/Debug-iphonesimulator -F /Users/lley-tonn/Library/Developer/Xcode/DerivedData/EventPassUG-gzepokzbfyrttbfcyqifbjiffdxh/Build/Products/Debug-iphonesimulator -no-color-diagnostics -Xcc -fno-color-diagnostics -enable-testing -g -debug-info-format\=dwarf -dwarf-version\=4 -module-cache-path /Users/lley-tonn/Library/Developer/Xcode/DerivedData/EventPassUG-gzepokzbfyrttbfcyqifbjiffdxh/Build/Intermediates.noindex/SwiftExplicitPrecompiledModules -swift-version 5 -enforce-exclusivity\=checked -Onone -D DEBUG -serialize-debugging-options -const-gather-protocols-file /Users/lley-tonn/Library/Developer/Xcode/DerivedData/EventPassUG-gzepokzbfyrttbfcyqifbjiffdxh/Build/Intermediates.noindex/EventPassUG.build/Debug-iphonesimulator/EventPassUG.build/Objects-normal/arm64/EventPassUG_const_extract_protocols.json -enable-experimental-feature DebugDescriptionMacro -enable-bare-slash-regex -empty-abi-descriptor -validate-clang-modules-once -clang-build-session-file /Users/lley-tonn/Library/Developer/Xcode/DerivedData/ModuleCache.noindex/Session.modulevalidation -Xcc -working-directory -Xcc /Users/lley-tonn/Documents/projects/EventPassUG-MobileApp -enable-anonymous-context-mangled-names -file-compilation-dir /Users/lley-tonn/Documents/projects/EventPassUG-MobileApp -Xcc -D_LIBCPP_HARDENING_MODE\=_LIBCPP_HARDENING_MODE_DEBUG -Xcc -ivfsstatcache -Xcc /Users/lley-tonn/Library/Developer/Xcode/DerivedData/SDKStatCaches.noindex/iphonesimulator26.2-23C53-7d00a8b37fbd7999ea79df8ebc024bf0.sdkstatcache -Xcc -I/Users/lley-tonn/Library/Developer/Xcode/DerivedData/EventPassUG-gzepokzbfyrttbfcyqifbjiffdxh/Build/Intermediates.noindex/EventPassUG.build/Debug-iphonesimulator/EventPassUG.build/swift-overrides.hmap -Xcc -iquote -Xcc /Users/lley-tonn/Library/Developer/Xcode/DerivedData/EventPassUG-gzepokzbfyrttbfcyqifbjiffdxh/Build/Intermediates.noindex/EventPassUG.build/Debug-iphonesimulator/EventPassUG.build/EventPassUG-generated-files.hmap -Xcc -I/Users/lley-tonn/Library/Developer/Xcode/DerivedData/EventPassUG-gzepokzbfyrttbfcyqifbjiffdxh/Build/Intermediates.noindex/EventPassUG.build/Debug-iphonesimulator/EventPassUG.build/EventPassUG-own-target-headers.hmap -Xcc -I/Users/lley-tonn/Library/Developer/Xcode/DerivedData/EventPassUG-gzepokzbfyrttbfcyqifbjiffdxh/Build/Intermediates.noindex/EventPassUG.build/Debug-iphonesimulator/EventPassUG.build/EventPassUG-all-target-headers.hmap -Xcc -iquote -Xcc /Users/lley-tonn/Library/Developer/Xcode/DerivedData/EventPassUG-gzepokzbfyrttbfcyqifbjiffdxh/Build/Intermediates.noindex/EventPassUG.build/Debug-iphonesimulator/EventPassUG.build/EventPassUG-project-headers.hmap -Xcc -I/Users/lley-tonn/Library/Developer/Xcode/DerivedData/EventPassUG-gzepokzbfyrttbfcyqifbjiffdxh/Build/Products/Debug-iphonesimulator/include -Xcc -I/Users/lley-tonn/Library/Developer/Xcode/DerivedData/EventPassUG-gzepokzbfyrttbfcyqifbjiffdxh/Build/Intermediates.noindex/EventPassUG.build/Debug-iphonesimulator/EventPassUG.build/DerivedSources-normal/arm64 -Xcc -I/Users/lley-tonn/Library/Developer/Xcode/DerivedData/EventPassUG-gzepokzbfyrttbfcyqifbjiffdxh/Build/Intermediates.noindex/EventPassUG.build/Debug-iphonesimulator/EventPassUG.build/DerivedSources/arm64 -Xcc -I/Users/lley-tonn/Library/Developer/Xcode/DerivedData/EventPassUG-gzepokzbfyrttbfcyqifbjiffdxh/Build/Intermediates.noindex/EventPassUG.build/Debug-iphonesimulator/EventPassUG.build/DerivedSources -Xcc -DDEBUG\=1 -no-auto-bridging-header-chaining -module-name EventPassUG -frontend-parseable-output -disable-clang-spi -target-sdk-version 26.2 -target-sdk-name iphonesimulator26.2 -clang-target arm64-apple-ios26.2-simulator -in-process-plugin-server-path /Applications/Xcode.app/Contents/Developer/Toolchains/XcodeDefault.xctoolchain/usr/lib/swift/host/libSwiftInProcPluginServer.dylib -emit-module-doc-path /Users/lley-tonn/Library/Developer/Xcode/DerivedData/EventPassUG-gzepokzbfyrttbfcyqifbjiffdxh/Build/Intermediates.noindex/EventPassUG.build/Debug-iphonesimulator/EventPassUG.build/Objects-normal/arm64/EventPassUG.swiftdoc -emit-module-source-info-path /Users/lley-tonn/Library/Developer/Xcode/DerivedData/EventPassUG-gzepokzbfyrttbfcyqifbjiffdxh/Build/Intermediates.noindex/EventPassUG.build/Debug-iphonesimulator/EventPassUG.build/Objects-normal/arm64/EventPassUG.swiftsourceinfo -emit-objc-header-path /Users/lley-tonn/Library/Developer/Xcode/DerivedData/EventPassUG-gzepokzbfyrttbfcyqifbjiffdxh/Build/Intermediates.noindex/EventPassUG.build/Debug-iphonesimulator/EventPassUG.build/Objects-normal/arm64/EventPassUG-Swift.h -serialize-diagnostics-path /Users/lley-tonn/Library/Developer/Xcode/DerivedData/EventPassUG-gzepokzbfyrttbfcyqifbjiffdxh/Build/Intermediates.noindex/EventPassUG.build/Debug-iphonesimulator/EventPassUG.build/Objects-normal/arm64/EventPassUG-primary-emit-module.dia -emit-dependencies-path /Users/lley-tonn/Library/Developer/Xcode/DerivedData/EventPassUG-gzepokzbfyrttbfcyqifbjiffdxh/Build/Intermediates.noindex/EventPassUG.build/Debug-iphonesimulator/EventPassUG.build/Objects-normal/arm64/EventPassUG-primary-emit-module.d -o /Users/lley-tonn/Library/Developer/Xcode/DerivedData/EventPassUG-gzepokzbfyrttbfcyqifbjiffdxh/Build/Intermediates.noindex/EventPassUG.build/Debug-iphonesimulator/EventPassUG.build/Objects-normal/arm64/EventPassUG.swiftmodule -emit-abi-descriptor-path /Users/lley-tonn/Library/Developer/Xcode/DerivedData/EventPassUG-gzepokzbfyrttbfcyqifbjiffdxh/Build/Intermediates.noindex/EventPassUG.build/Debug-iphonesimulator/EventPassUG.build/Objects-normal/arm64/EventPassUG.abi.json

EmitSwiftModule normal arm64 (in target 'EventPassUG' from project 'EventPassUG')
    cd /Users/lley-tonn/Documents/projects/EventPassUG-MobileApp
    
/Users/lley-tonn/Documents/projects/EventPassUG-MobileApp/EventPassUG/Views/Components/UIComponents.swift:563:45: error: type 'AppTypography' (aka 'AppDesign.Typography') has no member 'headline'
                        .font(AppTypography.headline)
                              ~~~~~~~~~~~~~ ^~~~~~~~

SwiftCompile normal arm64 Compiling\ UserPreferences.swift,\ EventFilterService.swift,\ RecommendationService.swift,\ AppNotificationService.swift,\ CalendarService.swift,\ UserLocationService.swift,\ DiscoveryViewModel.swift,\ NotificationSettingsViewModel.swift,\ CalendarConflictView.swift,\ PermissionsView.swift,\ NationalIDVerificationView.swift,\ CardScanner.swift /Users/lley-tonn/Documents/projects/EventPassUG-MobileApp/EventPassUG/Models/Preferences/UserPreferences.swift /Users/lley-tonn/Documents/projects/EventPassUG-MobileApp/EventPassUG/Services/Events/EventFilterService.swift /Users/lley-tonn/Documents/projects/EventPassUG-MobileApp/EventPassUG/Services/Recommendations/RecommendationService.swift /Users/lley-tonn/Documents/projects/EventPassUG-MobileApp/EventPassUG/Services/Notifications/AppNotificationService.swift /Users/lley-tonn/Documents/projects/EventPassUG-MobileApp/EventPassUG/Services/Calendar/CalendarService.swift /Users/lley-tonn/Documents/projects/EventPassUG-MobileApp/EventPassUG/Services/Location/UserLocationService.swift /Users/lley-tonn/Documents/projects/EventPassUG-MobileApp/EventPassUG/ViewModels/Attendee/DiscoveryViewModel.swift /Users/lley-tonn/Documents/projects/EventPassUG-MobileApp/EventPassUG/ViewModels/Settings/NotificationSettingsViewModel.swift /Users/lley-tonn/Documents/projects/EventPassUG-MobileApp/EventPassUG/Views/Shared/CalendarConflictView.swift /Users/lley-tonn/Documents/projects/EventPassUG-MobileApp/EventPassUG/Views/Auth/Onboarding/PermissionsView.swift /Users/lley-tonn/Documents/projects/EventPassUG-MobileApp/EventPassUG/Views/Shared/NationalIDVerificationView.swift /Users/lley-tonn/Documents/projects/EventPassUG-MobileApp/EventPassUG/Views/Shared/CardScanner.swift (in target 'EventPassUG' from project 'EventPassUG')

SwiftCompile normal arm64 /Users/lley-tonn/Documents/projects/EventPassUG-MobileApp/EventPassUG/Models/Preferences/UserPreferences.swift (in target 'EventPassUG' from project 'EventPassUG')
    cd /Users/lley-tonn/Documents/projects/EventPassUG-MobileApp
    

SwiftCompile normal arm64 /Users/lley-tonn/Documents/projects/EventPassUG-MobileApp/EventPassUG/Services/Events/EventFilterService.swift (in target 'EventPassUG' from project 'EventPassUG')
    cd /Users/lley-tonn/Documents/projects/EventPassUG-MobileApp
    

SwiftCompile normal arm64 /Users/lley-tonn/Documents/projects/EventPassUG-MobileApp/EventPassUG/Services/Recommendations/RecommendationService.swift (in target 'EventPassUG' from project 'EventPassUG')
    cd /Users/lley-tonn/Documents/projects/EventPassUG-MobileApp
    

SwiftCompile normal arm64 /Users/lley-tonn/Documents/projects/EventPassUG-MobileApp/EventPassUG/Services/Notifications/AppNotificationService.swift (in target 'EventPassUG' from project 'EventPassUG')
    cd /Users/lley-tonn/Documents/projects/EventPassUG-MobileApp
    

SwiftCompile normal arm64 /Users/lley-tonn/Documents/projects/EventPassUG-MobileApp/EventPassUG/Services/Calendar/CalendarService.swift (in target 'EventPassUG' from project 'EventPassUG')
    cd /Users/lley-tonn/Documents/projects/EventPassUG-MobileApp
    

SwiftCompile normal arm64 /Users/lley-tonn/Documents/projects/EventPassUG-MobileApp/EventPassUG/Services/Location/UserLocationService.swift (in target 'EventPassUG' from project 'EventPassUG')
    cd /Users/lley-tonn/Documents/projects/EventPassUG-MobileApp
    

SwiftCompile normal arm64 /Users/lley-tonn/Documents/projects/EventPassUG-MobileApp/EventPassUG/ViewModels/Attendee/DiscoveryViewModel.swift (in target 'EventPassUG' from project 'EventPassUG')
    cd /Users/lley-tonn/Documents/projects/EventPassUG-MobileApp
    

SwiftCompile normal arm64 /Users/lley-tonn/Documents/projects/EventPassUG-MobileApp/EventPassUG/ViewModels/Settings/NotificationSettingsViewModel.swift (in target 'EventPassUG' from project 'EventPassUG')
    cd /Users/lley-tonn/Documents/projects/EventPassUG-MobileApp
    

SwiftCompile normal arm64 /Users/lley-tonn/Documents/projects/EventPassUG-MobileApp/EventPassUG/Views/Shared/CalendarConflictView.swift (in target 'EventPassUG' from project 'EventPassUG')
    cd /Users/lley-tonn/Documents/projects/EventPassUG-MobileApp
    

SwiftCompile normal arm64 /Users/lley-tonn/Documents/projects/EventPassUG-MobileApp/EventPassUG/Views/Auth/Onboarding/PermissionsView.swift (in target 'EventPassUG' from project 'EventPassUG')
    cd /Users/lley-tonn/Documents/projects/EventPassUG-MobileApp
    

SwiftCompile normal arm64 /Users/lley-tonn/Documents/projects/EventPassUG-MobileApp/EventPassUG/Views/Shared/NationalIDVerificationView.swift (in target 'EventPassUG' from project 'EventPassUG')
    cd /Users/lley-tonn/Documents/projects/EventPassUG-MobileApp
    

SwiftCompile normal arm64 /Users/lley-tonn/Documents/projects/EventPassUG-MobileApp/EventPassUG/Views/Shared/CardScanner.swift (in target 'EventPassUG' from project 'EventPassUG')
    cd /Users/lley-tonn/Documents/projects/EventPassUG-MobileApp
    

SwiftCompile normal arm64 Compiling\ PosterConfiguration.swift,\ ImageValidator.swift,\ ImageCompressor.swift,\ PosterUploadManager.swift,\ PosterView.swift,\ FollowManager.swift,\ InAppNotificationManager.swift,\ EventAnalyticsViewModel.swift,\ AppDesignSystem.swift,\ AuthViewModel.swift,\ TestDatabase.swift,\ EnhancedAuthService.swift /Users/lley-tonn/Documents/projects/EventPassUG-MobileApp/EventPassUG/Models/Support/PosterConfiguration.swift /Users/lley-tonn/Documents/projects/EventPassUG-MobileApp/EventPassUG/Utilities/Helpers/Image/ImageValidator.swift /Users/lley-tonn/Documents/projects/EventPassUG-MobileApp/EventPassUG/Utilities/Helpers/Image/ImageCompressor.swift /Users/lley-tonn/Documents/projects/EventPassUG-MobileApp/EventPassUG/Utilities/Managers/PosterUploadManager.swift /Users/lley-tonn/Documents/projects/EventPassUG-MobileApp/EventPassUG/Views/Components/Media/PosterView.swift /Users/lley-tonn/Documents/projects/EventPassUG-MobileApp/EventPassUG/Utilities/Managers/FollowManager.swift /Users/lley-tonn/Documents/projects/EventPassUG-MobileApp/EventPassUG/Utilities/Managers/InAppNotificationManager.swift /Users/lley-tonn/Documents/projects/EventPassUG-MobileApp/EventPassUG/ViewModels/Organizer/EventAnalyticsViewModel.swift /Users/lley-tonn/Documents/projects/EventPassUG-MobileApp/EventPassUG/DesignSystem/Theme/AppDesignSystem.swift /Users/lley-tonn/Documents/projects/EventPassUG-MobileApp/EventPassUG/ViewModels/Auth/AuthViewModel.swift /Users/lley-tonn/Documents/projects/EventPassUG-MobileApp/EventPassUG/Services/Database/TestDatabase.swift /Users/lley-tonn/Documents/projects/EventPassUG-MobileApp/EventPassUG/Services/Authentication/EnhancedAuthService.swift (in target 'EventPassUG' from project 'EventPassUG')

SwiftCompile normal arm64 /Users/lley-tonn/Documents/projects/EventPassUG-MobileApp/EventPassUG/Models/Support/PosterConfiguration.swift (in target 'EventPassUG' from project 'EventPassUG')
    cd /Users/lley-tonn/Documents/projects/EventPassUG-MobileApp
    

SwiftCompile normal arm64 /Users/lley-tonn/Documents/projects/EventPassUG-MobileApp/EventPassUG/Utilities/Helpers/Image/ImageValidator.swift (in target 'EventPassUG' from project 'EventPassUG')
    cd /Users/lley-tonn/Documents/projects/EventPassUG-MobileApp
    

SwiftCompile normal arm64 /Users/lley-tonn/Documents/projects/EventPassUG-MobileApp/EventPassUG/Utilities/Helpers/Image/ImageCompressor.swift (in target 'EventPassUG' from project 'EventPassUG')
    cd /Users/lley-tonn/Documents/projects/EventPassUG-MobileApp
    

SwiftCompile normal arm64 /Users/lley-tonn/Documents/projects/EventPassUG-MobileApp/EventPassUG/Utilities/Managers/PosterUploadManager.swift (in target 'EventPassUG' from project 'EventPassUG')
    cd /Users/lley-tonn/Documents/projects/EventPassUG-MobileApp
    

SwiftCompile normal arm64 /Users/lley-tonn/Documents/projects/EventPassUG-MobileApp/EventPassUG/Views/Components/Media/PosterView.swift (in target 'EventPassUG' from project 'EventPassUG')
    cd /Users/lley-tonn/Documents/projects/EventPassUG-MobileApp
    

SwiftCompile normal arm64 /Users/lley-tonn/Documents/projects/EventPassUG-MobileApp/EventPassUG/Utilities/Managers/FollowManager.swift (in target 'EventPassUG' from project 'EventPassUG')
    cd /Users/lley-tonn/Documents/projects/EventPassUG-MobileApp
    

SwiftCompile normal arm64 /Users/lley-tonn/Documents/projects/EventPassUG-MobileApp/EventPassUG/Utilities/Managers/InAppNotificationManager.swift (in target 'EventPassUG' from project 'EventPassUG')
    cd /Users/lley-tonn/Documents/projects/EventPassUG-MobileApp
    

SwiftCompile normal arm64 /Users/lley-tonn/Documents/projects/EventPassUG-MobileApp/EventPassUG/ViewModels/Organizer/EventAnalyticsViewModel.swift (in target 'EventPassUG' from project 'EventPassUG')
    cd /Users/lley-tonn/Documents/projects/EventPassUG-MobileApp
    

SwiftCompile normal arm64 /Users/lley-tonn/Documents/projects/EventPassUG-MobileApp/EventPassUG/DesignSystem/Theme/AppDesignSystem.swift (in target 'EventPassUG' from project 'EventPassUG')
    cd /Users/lley-tonn/Documents/projects/EventPassUG-MobileApp
    

SwiftCompile normal arm64 /Users/lley-tonn/Documents/projects/EventPassUG-MobileApp/EventPassUG/ViewModels/Auth/AuthViewModel.swift (in target 'EventPassUG' from project 'EventPassUG')
    cd /Users/lley-tonn/Documents/projects/EventPassUG-MobileApp
    

SwiftCompile normal arm64 /Users/lley-tonn/Documents/projects/EventPassUG-MobileApp/EventPassUG/Services/Database/TestDatabase.swift (in target 'EventPassUG' from project 'EventPassUG')
    cd /Users/lley-tonn/Documents/projects/EventPassUG-MobileApp
    

SwiftCompile normal arm64 /Users/lley-tonn/Documents/projects/EventPassUG-MobileApp/EventPassUG/Services/Authentication/EnhancedAuthService.swift (in target 'EventPassUG' from project 'EventPassUG')
    cd /Users/lley-tonn/Documents/projects/EventPassUG-MobileApp
    

SwiftCompile normal arm64 Compiling\ PhoneVerificationView.swift,\ AddContactMethodView.swift,\ ModernAuthView.swift,\ AuthComponents.swift,\ EventAnalyticsView.swift,\ NotificationAnalytics.swift,\ EventEntity+CoreDataClass.swift,\ EventEntity+CoreDataProperties.swift,\ TicketEntity+CoreDataClass.swift,\ TicketEntity+CoreDataProperties.swift,\ EventPassUG+CoreDataModel.swift,\ GeneratedAssetSymbols.swift /Users/lley-tonn/Documents/projects/EventPassUG-MobileApp/EventPassUG/Views/Auth/Login/PhoneVerificationView.swift /Users/lley-tonn/Documents/projects/EventPassUG-MobileApp/EventPassUG/Views/Auth/Login/AddContactMethodView.swift /Users/lley-tonn/Documents/projects/EventPassUG-MobileApp/EventPassUG/Views/Auth/Login/ModernAuthView.swift /Users/lley-tonn/Documents/projects/EventPassUG-MobileApp/EventPassUG/Views/Auth/Login/AuthComponents.swift /Users/lley-tonn/Documents/projects/EventPassUG-MobileApp/EventPassUG/Views/Organizer/Events/EventAnalyticsView.swift /Users/lley-tonn/Documents/projects/EventPassUG-MobileApp/EventPassUG/Services/Notifications/NotificationAnalytics.swift /Users/lley-tonn/Library/Developer/Xcode/DerivedData/EventPassUG-gzepokzbfyrttbfcyqifbjiffdxh/Build/Intermediates.noindex/EventPassUG.build/Debug-iphonesimulator/EventPassUG.build/DerivedSources/CoreDataGenerated/EventPassUG/EventEntity+CoreDataClass.swift /Users/lley-tonn/Library/Developer/Xcode/DerivedData/EventPassUG-gzepokzbfyrttbfcyqifbjiffdxh/Build/Intermediates.noindex/EventPassUG.build/Debug-iphonesimulator/EventPassUG.build/DerivedSources/CoreDataGenerated/EventPassUG/EventEntity+CoreDataProperties.swift /Users/lley-tonn/Library/Developer/Xcode/DerivedData/EventPassUG-gzepokzbfyrttbfcyqifbjiffdxh/Build/Intermediates.noindex/EventPassUG.build/Debug-iphonesimulator/EventPassUG.build/DerivedSources/CoreDataGenerated/EventPassUG/TicketEntity+CoreDataClass.swift /Users/lley-tonn/Library/Developer/Xcode/DerivedData/EventPassUG-gzepokzbfyrttbfcyqifbjiffdxh/Build/Intermediates.noindex/EventPassUG.build/Debug-iphonesimulator/EventPassUG.build/DerivedSources/CoreDataGenerated/EventPassUG/TicketEntity+CoreDataProperties.swift /Users/lley-tonn/Library/Developer/Xcode/DerivedData/EventPassUG-gzepokzbfyrttbfcyqifbjiffdxh/Build/Intermediates.noindex/EventPassUG.build/Debug-iphonesimulator/EventPassUG.build/DerivedSources/CoreDataGenerated/EventPassUG/EventPassUG+CoreDataModel.swift /Users/lley-tonn/Library/Developer/Xcode/DerivedData/EventPassUG-gzepokzbfyrttbfcyqifbjiffdxh/Build/Intermediates.noindex/EventPassUG.build/Debug-iphonesimulator/EventPassUG.build/DerivedSources/GeneratedAssetSymbols.swift (in target 'EventPassUG' from project 'EventPassUG')

SwiftCompile normal arm64 /Users/lley-tonn/Documents/projects/EventPassUG-MobileApp/EventPassUG/Views/Auth/Login/PhoneVerificationView.swift (in target 'EventPassUG' from project 'EventPassUG')
    cd /Users/lley-tonn/Documents/projects/EventPassUG-MobileApp
    

SwiftCompile normal arm64 /Users/lley-tonn/Documents/projects/EventPassUG-MobileApp/EventPassUG/Views/Auth/Login/AddContactMethodView.swift (in target 'EventPassUG' from project 'EventPassUG')
    cd /Users/lley-tonn/Documents/projects/EventPassUG-MobileApp
    

SwiftCompile normal arm64 /Users/lley-tonn/Documents/projects/EventPassUG-MobileApp/EventPassUG/Views/Auth/Login/ModernAuthView.swift (in target 'EventPassUG' from project 'EventPassUG')
    cd /Users/lley-tonn/Documents/projects/EventPassUG-MobileApp
    

SwiftCompile normal arm64 /Users/lley-tonn/Documents/projects/EventPassUG-MobileApp/EventPassUG/Views/Auth/Login/AuthComponents.swift (in target 'EventPassUG' from project 'EventPassUG')
    cd /Users/lley-tonn/Documents/projects/EventPassUG-MobileApp
    

SwiftCompile normal arm64 /Users/lley-tonn/Documents/projects/EventPassUG-MobileApp/EventPassUG/Views/Organizer/Events/EventAnalyticsView.swift (in target 'EventPassUG' from project 'EventPassUG')
    cd /Users/lley-tonn/Documents/projects/EventPassUG-MobileApp
    

SwiftCompile normal arm64 /Users/lley-tonn/Documents/projects/EventPassUG-MobileApp/EventPassUG/Services/Notifications/NotificationAnalytics.swift (in target 'EventPassUG' from project 'EventPassUG')
    cd /Users/lley-tonn/Documents/projects/EventPassUG-MobileApp
    

SwiftCompile normal arm64 /Users/lley-tonn/Library/Developer/Xcode/DerivedData/EventPassUG-gzepokzbfyrttbfcyqifbjiffdxh/Build/Intermediates.noindex/EventPassUG.build/Debug-iphonesimulator/EventPassUG.build/DerivedSources/CoreDataGenerated/EventPassUG/EventEntity+CoreDataClass.swift (in target 'EventPassUG' from project 'EventPassUG')
    cd /Users/lley-tonn/Documents/projects/EventPassUG-MobileApp
    

SwiftCompile normal arm64 /Users/lley-tonn/Library/Developer/Xcode/DerivedData/EventPassUG-gzepokzbfyrttbfcyqifbjiffdxh/Build/Intermediates.noindex/EventPassUG.build/Debug-iphonesimulator/EventPassUG.build/DerivedSources/CoreDataGenerated/EventPassUG/EventEntity+CoreDataProperties.swift (in target 'EventPassUG' from project 'EventPassUG')
    cd /Users/lley-tonn/Documents/projects/EventPassUG-MobileApp
    

SwiftCompile normal arm64 /Users/lley-tonn/Library/Developer/Xcode/DerivedData/EventPassUG-gzepokzbfyrttbfcyqifbjiffdxh/Build/Intermediates.noindex/EventPassUG.build/Debug-iphonesimulator/EventPassUG.build/DerivedSources/CoreDataGenerated/EventPassUG/TicketEntity+CoreDataClass.swift (in target 'EventPassUG' from project 'EventPassUG')
    cd /Users/lley-tonn/Documents/projects/EventPassUG-MobileApp
    

SwiftCompile normal arm64 /Users/lley-tonn/Library/Developer/Xcode/DerivedData/EventPassUG-gzepokzbfyrttbfcyqifbjiffdxh/Build/Intermediates.noindex/EventPassUG.build/Debug-iphonesimulator/EventPassUG.build/DerivedSources/CoreDataGenerated/EventPassUG/TicketEntity+CoreDataProperties.swift (in target 'EventPassUG' from project 'EventPassUG')
    cd /Users/lley-tonn/Documents/projects/EventPassUG-MobileApp
    

SwiftCompile normal arm64 /Users/lley-tonn/Library/Developer/Xcode/DerivedData/EventPassUG-gzepokzbfyrttbfcyqifbjiffdxh/Build/Intermediates.noindex/EventPassUG.build/Debug-iphonesimulator/EventPassUG.build/DerivedSources/CoreDataGenerated/EventPassUG/EventPassUG+CoreDataModel.swift (in target 'EventPassUG' from project 'EventPassUG')
    cd /Users/lley-tonn/Documents/projects/EventPassUG-MobileApp
    

SwiftCompile normal arm64 /Users/lley-tonn/Library/Developer/Xcode/DerivedData/EventPassUG-gzepokzbfyrttbfcyqifbjiffdxh/Build/Intermediates.noindex/EventPassUG.build/Debug-iphonesimulator/EventPassUG.build/DerivedSources/GeneratedAssetSymbols.swift (in target 'EventPassUG' from project 'EventPassUG')
    cd /Users/lley-tonn/Documents/projects/EventPassUG-MobileApp
    

SwiftCompile normal arm64 Compiling\ AuthService.swift,\ EventPassUGApp.swift,\ FavoriteManager.swift,\ SearchView.swift,\ FavoriteEventsView.swift,\ TicketSuccessView.swift,\ NotificationService.swift,\ EditProfileView.swift,\ VerificationRequiredOverlay.swift,\ NotificationPreferences.swift,\ UserPreferencesService.swift,\ FavoriteEventCategoriesView.swift /Users/lley-tonn/Documents/projects/EventPassUG-MobileApp/EventPassUG/Services/Authentication/AuthService.swift /Users/lley-tonn/Documents/projects/EventPassUG-MobileApp/EventPassUG/App/EventPassUGApp.swift /Users/lley-tonn/Documents/projects/EventPassUG-MobileApp/EventPassUG/Utilities/Managers/FavoriteManager.swift /Users/lley-tonn/Documents/projects/EventPassUG-MobileApp/EventPassUG/Views/Attendee/Events/SearchView.swift /Users/lley-tonn/Documents/projects/EventPassUG-MobileApp/EventPassUG/Views/Attendee/Events/FavoriteEventsView.swift /Users/lley-tonn/Documents/projects/EventPassUG-MobileApp/EventPassUG/Views/Attendee/Tickets/TicketSuccessView.swift /Users/lley-tonn/Documents/projects/EventPassUG-MobileApp/EventPassUG/Services/Notifications/NotificationService.swift /Users/lley-tonn/Documents/projects/EventPassUG-MobileApp/EventPassUG/Views/Profile/EditProfileView.swift /Users/lley-tonn/Documents/projects/EventPassUG-MobileApp/EventPassUG/Views/Components/Overlays/VerificationRequiredOverlay.swift /Users/lley-tonn/Documents/projects/EventPassUG-MobileApp/EventPassUG/Models/Notifications/NotificationPreferences.swift /Users/lley-tonn/Documents/projects/EventPassUG-MobileApp/EventPassUG/Services/UserPreferences/UserPreferencesService.swift /Users/lley-tonn/Documents/projects/EventPassUG-MobileApp/EventPassUG/Views/Profile/FavoriteEventCategoriesView.swift (in target 'EventPassUG' from project 'EventPassUG')

** BUILD FAILED **


The following build commands failed:
	SwiftEmitModule normal arm64 Emitting\ module\ for\ EventPassUG (in target 'EventPassUG' from project 'EventPassUG')
	EmitSwiftModule normal arm64 (in target 'EventPassUG' from project 'EventPassUG')
	Building project EventPassUG with scheme EventPassUG
(3 failures)
